e:\climbtyper\x64\debug\vc142.pdb
e:\climbtyper\x64\debug\vc142.idb
e:\climbtyper\x64\debug\glad.obj
e:\climbtyper\x64\debug\window.obj
e:\climbtyper\x64\debug\wall.obj
e:\climbtyper\x64\debug\variables.obj
e:\climbtyper\x64\debug\shader.obj
e:\climbtyper\x64\debug\render.obj
e:\climbtyper\x64\debug\keygeneration.obj
e:\climbtyper\x64\debug\font.obj
e:\climbtyper\x64\debug\climber.obj
e:\climbtyper\x64\debug\camera.obj
e:\climbtyper\x64\debug\main.obj
e:\climbtyper\x64\debug\keygenerator.obj
e:\climbtyper\x64\debug\climbtyper.exe
e:\climbtyper\x64\debug\climbtyper.ilk
e:\climbtyper\x64\debug\climbtyper.pdb
e:\climbtyper\x64\debug\climbtyper.tlog\cl.command.1.tlog
e:\climbtyper\x64\debug\climbtyper.tlog\cl.read.1.tlog
e:\climbtyper\x64\debug\climbtyper.tlog\cl.write.1.tlog
e:\climbtyper\x64\debug\climbtyper.tlog\link.command.1.tlog
e:\climbtyper\x64\debug\climbtyper.tlog\link.read.1.tlog
e:\climbtyper\x64\debug\climbtyper.tlog\link.write.1.tlog
